Arguments: 
  /usr/bin/node /usr/share/yarn/bin/yarn.js

PATH: 
  /usr/local/sbin:/usr/local/bin:/usr/sbin:/usr/bin:/sbin:/bin:/snap/bin

Yarn version: 
  1.13.0

Node version: 
  10.14.0

Platform: 
  linux x64

Trace: 
  Error: EFAULT: bad address in system call argument, copyfile '/usr/local/share/.cache/yarn/v4/npm-abbrev-1.1.1-f8f2c887ad10bf67f634f005b6987fed3179aac8/node_modules/abbrev/LICENSE' -> '/media/rizwan/New Volume/projects/nodejs_postgres_jquery/node_modules/abbrev/LICENSE'

npm manifest: 
  {
    "name": "nodejs_postgres_seamless_jquery_git",
    "version": "1.0.0",
    "description": "![search.gif](https://bitbucket.org/repo/7yb57z/images/3218852495-search.gif)",
    "main": "index.js",
    "directories": {
      "test": "test"
    },
    "dependencies": {
      "JSONStream": "^1.3.2",
      "apicache": "^1.2.1",
      "async": "^2.6.0",
      "better-queue": "^3.8.7",
      "bluebird": "^3.5.1",
      "body-parser": "^1.18.3",
      "busboy": "^0.2.14",
      "cheerio": "^1.0.0-rc.2",
      "compression": "^1.7.2",
      "connect-flash": "^0.1.1",
      "consolidate": "^0.15.1",
      "cookie-parser": "^1.4.3",
      "cors": "^2.8.5",
      "crypto": "^1.0.1",
      "express": "^4.16.4",
      "express-es6-template-engine": "^2.0.3",
      "express-session": "^1.15.6",
      "fast-csv": "^2.4.1",
      "js-beautify": "^1.7.5",
      "json2csv": "^4.1.2",
      "jsonwebtoken": "^8.2.1",
      "memory-cache": "^0.2.0",
      "mv": "^2.1.1",
      "node-cluster": "^0.1.18",
      "os": "^0.1.1",
      "passport": "^0.4.0",
      "passport-local": "^1.0.0",
      "path": "^0.12.7",
      "pg": "^7.4.3",
      "pg-copy-streams": "^1.2.0",
      "pg-query-stream": "^1.1.1",
      "pretty": "^2.0.0",
      "pug": "^2.0.3",
      "sequelize": "^4.37.7",
      "socket.io": "^2.1.0",
      "sqlstring": "^2.3.1",
      "swagger-stats": "^0.95.7",
      "swagger-ui-express": "^4.0.2",
      "swig": "^1.4.2",
      "through2": "^2.0.3",
      "util": "^0.10.3",
      "pm2": "^3.2.9"
    },
    "devDependencies": {
      "chai": "^4.2.0",
      "nodemon": "^1.18.10",
      "supertest": "^3.4.2",
      "mocha": "^5.2.0"
    },
    "scripts": {
      "preinstall": "npm i -g sequelize-cli pm2 nodemon",
      "mig": "cd ./app &&  sequelize  db:create &&  node sequelize-schema-file-generator.js && sequelize db:seed:all",
      "app": "cd ./app/utils &&  nodemon app.js",
      "build": "cd ./app/utils && node runBackground.js",
      "yaml2json": "yaml2json ./app/swagger/swagger.yaml --pretty --save",
      "test": "cd ./app/test && mocha test.js --timeout 1500",
      "fireapp": "cd ./app/utils && node app.js",
      "cluster": "nodemon ./app/utils/cluster.js",
      "docker-run":"docker-compose up --build"
    },
    "repository": {
      "type": "git",
      "url": "git+https://matt_baker@bitbucket.org/matt_baker/nodejs_postgres_jquery.git"
    },
    "author": "",
    "license": "ISC",
    "homepage": "https://bitbucket.org/matt_baker/nodejs_postgres_jquery#readme"
  }

yarn manifest: 
  No manifest

Lockfile: 
  No lockfile
